<?xml version="1.0" encoding="UTF-8"?>
<coverage generated="1704093301582" clover="3.2.0">
  <project timestamp="1704093301583" name="All files">
    <metrics statements="28" coveredstatements="23" conditionals="1" coveredconditionals="1" methods="1" coveredmethods="0" elements="30" coveredelements="24" complexity="0" loc="28" ncloc="28" packages="1" files="1" classes="1"/>
    <file name="03-errorcount.js" path="C:\Users\vivek\Github\100xdevs_MERN\week-3\01-middlewares\03-errorcount.js">
      <metrics statements="28" coveredstatements="23" conditionals="1" coveredconditionals="1" methods="1" coveredmethods="0"/>
      <line num="1" count="1" type="stmt"/>
      <line num="2" count="1" type="stmt"/>
      <line num="3" count="1" type="stmt"/>
      <line num="4" count="1" type="stmt"/>
      <line num="5" count="1" type="stmt"/>
      <line num="6" count="1" type="stmt"/>
      <line num="7" count="1" type="stmt"/>
      <line num="8" count="1" type="stmt"/>
      <line num="9" count="1" type="stmt"/>
      <line num="10" count="1" type="stmt"/>
      <line num="11" count="1" type="stmt"/>
      <line num="12" count="1" type="stmt"/>
      <line num="13" count="1" type="stmt"/>
      <line num="14" count="0" type="stmt"/>
      <line num="15" count="1" type="stmt"/>
      <line num="16" count="1" type="stmt"/>
      <line num="17" count="1" type="cond" truecount="1" falsecount="0"/>
      <line num="18" count="2" type="stmt"/>
      <line num="19" count="1" type="stmt"/>
      <line num="20" count="1" type="stmt"/>
      <line num="21" count="0" type="stmt"/>
      <line num="22" count="0" type="stmt"/>
      <line num="23" count="0" type="stmt"/>
      <line num="24" count="0" type="stmt"/>
      <line num="25" count="1" type="stmt"/>
      <line num="26" count="1" type="stmt"/>
      <line num="27" count="1" type="stmt"/>
      <line num="28" count="1" type="stmt"/>
    </file>
  </project>
</coverage>
